Traceback (most recent call last):
  File "/artic/h-ito/.conda/envs/ffcv/lib/python3.9/site-packages/numpy/core/multiarray.py", line 346, in where
    @array_function_from_c_func_and_dispatcher(_multiarray_umath.where)
KeyboardInterrupt
Exception ignored in: 'sklearn.cluster._k_means_common._relocate_empty_clusters_dense'
Traceback (most recent call last):
  File "/artic/h-ito/.conda/envs/ffcv/lib/python3.9/site-packages/numpy/core/multiarray.py", line 346, in where
    @array_function_from_c_func_and_dispatcher(_multiarray_umath.where)
KeyboardInterrupt: 
Traceback (most recent call last):
  File "/artic/h-ito/.conda/envs/ffcv/lib/python3.9/site-packages/numpy/core/multiarray.py", line 346, in where
    @array_function_from_c_func_and_dispatcher(_multiarray_umath.where)
KeyboardInterrupt
Exception ignored in: 'sklearn.cluster._k_means_common._relocate_empty_clusters_dense'
Traceback (most recent call last):
  File "/artic/h-ito/.conda/envs/ffcv/lib/python3.9/site-packages/numpy/core/multiarray.py", line 346, in where
    @array_function_from_c_func_and_dispatcher(_multiarray_umath.where)
KeyboardInterrupt: 
Layer1
Layer2
Layer3
Layer4
0.7010266855955394
Layer1
Layer2
Layer3
Layer4
0.6976729831491884
Layer1
Layer2
Layer3
Layer4
0.6979610312120651
[0.7010266855955394, 0.6976729831491884, 0.6979610312120651]
{'Dataset': 'ogbn-arxiv', 'Model Name': 'GCN', 'No partition Test Acc': '0.7199514433265437', 'Test Acc': '0.69889', 'Avg num intra nodes': 21168.0, 'Avg num inter nodes': 4879.0, 'Avg num intra and inter nodes': 26047.0, 'Execution time': 4031.2543392181396}
