| # of train set : 153431
| # of val set   : 23831
| # of test set  : 55703
Layer1
Layer2
Layer3
Layer4
0.487173042744556
| # of train set : 153431
| # of val set   : 23831
| # of test set  : 55703
Layer1
Layer2
Layer3
Layer4
0.4431179649210994
| # of train set : 153431
| # of val set   : 23831
| # of test set  : 55703
Layer1
Layer2
Layer3
Layer4
0.4707286860671777
[0.487173042744556, 0.4431179649210994, 0.4707286860671777]
{'Dataset': 'Reddit', 'Model Name': 'GCN', 'No partition Test Acc': '0.950842863041488', 'Test Acc': '0.46701', 'Avg num intra nodes': 466.0, 'Avg num inter nodes': 0.0, 'Avg num intra and inter nodes': 466.0, 'Execution time': 2000.6946725845337}
