| # of train set : 153431
| # of val set   : 23831
| # of test set  : 55703
Layer1
Layer2
Layer3
Layer4
0.9058039961941009
| # of train set : 153431
| # of val set   : 23831
| # of test set  : 55703
Layer1
Layer2
Layer3
Layer4
0.9097176094644812
| # of train set : 153431
| # of val set   : 23831
| # of test set  : 55703
Layer1
Layer2
Layer3
Layer4
0.9097176094644812
[0.9058039961941009, 0.9097176094644812, 0.9097176094644812]
{'Dataset': 'Reddit', 'Model Name': 'GCN', 'No partition Test Acc': '0.950842863041488', 'Test Acc': '0.90841', 'Avg num intra nodes': 58240.0, 'Avg num inter nodes': 0.0, 'Avg num intra and inter nodes': 58240.0, 'Execution time': 84.67514133453369}
