| # of train set : 153431
| # of val set   : 23831
| # of test set  : 55703
Layer1
Layer2
Layer3
Layer4
0.897097104285227
| # of train set : 153431
| # of val set   : 23831
| # of test set  : 55703
Layer1
Layer2
Layer3
Layer4
0.894960774105524
| # of train set : 153431
| # of val set   : 23831
| # of test set  : 55703
Layer1
Layer2
Layer3
Layer4
0.9059117103208085
[0.897097104285227, 0.894960774105524, 0.9059117103208085]
{'Dataset': 'Reddit', 'Model Name': 'GCN', 'No partition Test Acc': '0.950842863041488', 'Test Acc': '0.89932', 'Avg num intra nodes': 466.0, 'Avg num inter nodes': 28933.0, 'Avg num intra and inter nodes': 29399.0, 'Execution time': 30368.512766599655}
