| # of train set : 153431
| # of val set   : 23831
| # of test set  : 55703
Layer1
Layer2
Layer3
Layer4
0.9361434752167747
| # of train set : 153431
| # of val set   : 23831
| # of test set  : 55703
Layer1
Layer2
Layer3
Layer4
0.9325709566809687
| # of train set : 153431
| # of val set   : 23831
| # of test set  : 55703
Layer1
Layer2
Layer3
Layer4
0.9357485234188464
[0.9361434752167747, 0.9325709566809687, 0.9357485234188464]
{'Dataset': 'Reddit', 'Model Name': 'GCN', 'No partition Test Acc': '0.950842863041488', 'Test Acc': '0.93482', 'Avg num intra nodes': 14997.0, 'Avg num inter nodes': 66920.0, 'Avg num intra and inter nodes': 81917.0, 'Execution time': 3959.4725563526154}
