Start time: 2025-03-28 11:21:41
Namespace(num_layers=3, epochs=400, dim_hidden=128, repeat_times=3, linear_sparsity=0.8125, train_mode='score_only', rerand_freq=0, exp_name='SLT_structured_exp1_HD_GCN_HD128_Cora_Msup_L3_M16_S8125_--unstructured_for_last_layer_initxor16_offset', weight_l1=0.0005, sampling=None, samplingtype=None, sparse_decay=True, attack=None, auroc=False, attack_eps=0, dataset='Cora', random_seed=None, resume=False, cuda=True, type_model='GCN', dropout=0, lr=0.01, weight_decay=0, transductive=True, activation='relu', type_norm='None', command='train', force_restart=False, seed_by_time=True, print_train_loss=False, num_gpus=1, output_dir='__outputs__', sync_dir='__sync__', save_best_model=True, optimizer='Adam', scheduler='CustomCosineLR', warm_epochs=0, finetuning_epochs=0, finetuning_lr=None, lr_milestones=[900, 1000, 1100], checkpoint_epochs=[], multisteplr_gamma=0.1, learning_framework='SupervisedLearning', bn_track_running_stats=True, bn_affine=True, bn_momentum=0.1, init_mode='xor16_offset', init_mode_mask='kaiming_uniform', init_mode_linear=None, init_scale=1.0, init_scale_score=1.0, heads=1, sparsity_list=[0.8125, 0.875, 0.9375], num_mask=3, enable_mask=True, enable_abs_comp=True, validate=False, pretrained_path=None, prunedw_path=None, enable_sw_mm=False, BN_GIN=False, evatime=False, drawadj=False, evanum=50, METIS=False, spadj=False, adjsparsity_ratio=0.0, enable_feat_pruning=False, featsparsity_ratio=0.0, enable_node_pruning=False, x_pruning_layer=0, regular_weight_pruning=None, num_of_weight_blocks=1, global_th_for_rowbyrow=False, download_prunedw=False, gra_part=False, no_edge_weight=False, sparse_tensor=False, original_edge_weight=False, only_train_data=False, flowgnn_debug=False, nmsparsity=True, M=16, unstructured_for_last_layer=True, xor_seed_using_instance_number=False, outgoing_centroids=False, folded_layer=0, BN_track_running_stats=True, folded_SM=False, half_folded=False, batch_size=1024, elastic_net=False, elastic_lambda=5e-08, l1_ratio=0.5, no_norm=False, adp=False, SLT_Bonder=False, SLTAtom=False, SLTBond=False, SLTRoot=False, SLTAtom_ini='default', SLTBond_ini='default', SLTRoot_ini='default', dense_for_last_layer=False, local_pruning=False, local_sparsity_list=None, inference_time=False, sparsity_profiling=False, nm_decay=0.0015, num_feats=1433, num_classes=7, num_nodes=2708)
--------------------
| # of train set : 140
| # of val set   : 500
| # of test set  : 1000
--------------------
GCN(
  (layers_GCN): ModuleList(
    (0): GCNConv(1433, 128)
    (1): GCNConv(128, 128)
    (2): GCNConv(128, 7)
  )
  (layers_bn): ModuleList()
  (dropout): Dropout(p=0, inplace=False)
)
/artic/h-ito/BingoGCN/__outputs__/SLT_structured_exp1_HD_GCN_HD128_Cora_Msup_L3_M16_S8125_--unstructured_for_last_layer_initxor16_offset/dump..SLT_structured_exp1_HD_GCN_HD128_Cora_Msup_L3_M16_S8125_--unstructured_for_last_layer_initxor16_offset.pth
best acc: 0.806
--------------------
| # of train set : 140
| # of val set   : 500
| # of test set  : 1000
--------------------
GCN(
  (layers_GCN): ModuleList(
    (0): GCNConv(1433, 128)
    (1): GCNConv(128, 128)
    (2): GCNConv(128, 7)
  )
  (layers_bn): ModuleList()
  (dropout): Dropout(p=0, inplace=False)
)
/artic/h-ito/BingoGCN/__outputs__/SLT_structured_exp1_HD_GCN_HD128_Cora_Msup_L3_M16_S8125_--unstructured_for_last_layer_initxor16_offset/dump..SLT_structured_exp1_HD_GCN_HD128_Cora_Msup_L3_M16_S8125_--unstructured_for_last_layer_initxor16_offset.pth
best acc: 0.796
--------------------
| # of train set : 140
| # of val set   : 500
| # of test set  : 1000
--------------------
GCN(
  (layers_GCN): ModuleList(
    (0): GCNConv(1433, 128)
    (1): GCNConv(128, 128)
    (2): GCNConv(128, 7)
  )
  (layers_bn): ModuleList()
  (dropout): Dropout(p=0, inplace=False)
)
/artic/h-ito/BingoGCN/__outputs__/SLT_structured_exp1_HD_GCN_HD128_Cora_Msup_L3_M16_S8125_--unstructured_for_last_layer_initxor16_offset/dump..SLT_structured_exp1_HD_GCN_HD128_Cora_Msup_L3_M16_S8125_--unstructured_for_last_layer_initxor16_offset.pth
best acc: 0.773
acc mean: 0.7916666666666666  acc std: 0.01381625451737515 ece mean: 0.0 ece std 0.0
End time: 2025-03-28 11:22:08
Duration: 0:00:26.616960
