| # of train set : 153431
| # of val set   : 23831
| # of test set  : 55703
Layer1
Layer2
Layer3
Layer4
0.9392851372457498
| # of train set : 153431
| # of val set   : 23831
| # of test set  : 55703
Layer1
Layer2
Layer3
Layer4
0.9378309965351956
| # of train set : 153431
| # of val set   : 23831
| # of test set  : 55703
Layer1
Layer2
Layer3
Layer4
0.9393389943091036
[0.9392851372457498, 0.9378309965351956, 0.9393389943091036]
{'Dataset': 'Reddit', 'Model Name': 'GCN', 'No partition Test Acc': '0.950842863041488', 'Test Acc': '0.93882', 'Avg num intra nodes': 1873.0, 'Avg num inter nodes': 55341.0, 'Avg num intra and inter nodes': 57214.0, 'Execution time': 11351.5322432518}
