| # of train set : 153431
| # of val set   : 23831
| # of test set  : 55703
Layer1
Layer2
Layer3
Layer4
0.9173832648151805
| # of train set : 153431
| # of val set   : 23831
| # of test set  : 55703
Layer1
Layer2
Layer3
Layer4
0.9160727429402367
| # of train set : 153431
| # of val set   : 23831
| # of test set  : 55703
Layer1
Layer2
Layer3
Layer4
0.921673877529038
[0.9173832648151805, 0.9160727429402367, 0.921673877529038]
{'Dataset': 'Reddit', 'Model Name': 'GCN', 'No partition Test Acc': '0.950842863041488', 'Test Acc': '0.91838', 'Avg num intra nodes': 29120.0, 'Avg num inter nodes': 73762.0, 'Avg num intra and inter nodes': 102882.0, 'Execution time': 1844.7822122573853}
