| # of train set : 153431
| # of val set   : 23831
| # of test set  : 55703
Layer1
Layer2
Layer3
Layer4
0.9344380015439024
| # of train set : 153431
| # of val set   : 23831
| # of test set  : 55703
Layer1
Layer2
Layer3
Layer4
0.9317631007306608
| # of train set : 153431
| # of val set   : 23831
| # of test set  : 55703
Layer1
Layer2
Layer3
Layer4
0.9356049045832361
[0.9344380015439024, 0.9317631007306608, 0.9356049045832361]
{'Dataset': 'Reddit', 'Model Name': 'GCN', 'No partition Test Acc': '0.950842863041488', 'Test Acc': '0.93394', 'Avg num intra nodes': 29120.0, 'Avg num inter nodes': 73762.0, 'Avg num intra and inter nodes': 102882.0, 'Execution time': 2193.639272212982}
