| # of train set : 153431
| # of val set   : 23831
| # of test set  : 55703
Layer1
Layer2
Layer3
Layer4
0.9185681202089654
| # of train set : 153431
| # of val set   : 23831
| # of test set  : 55703
Layer1
Layer2
Layer3
Layer4
0.9217995440101969
| # of train set : 153431
| # of val set   : 23831
| # of test set  : 55703
Layer1
Layer2
Layer3
Layer4
0.9248334919124643
[0.9185681202089654, 0.9217995440101969, 0.9248334919124643]
{'Dataset': 'Reddit', 'Model Name': 'GCN', 'No partition Test Acc': '0.950842863041488', 'Test Acc': '0.92173', 'Avg num intra nodes': 1873.0, 'Avg num inter nodes': 55341.0, 'Avg num intra and inter nodes': 57214.0, 'Execution time': 10947.746708154678}
