| # of train set : 153431
| # of val set   : 23831
| # of test set  : 55703
Layer1
Layer2
Layer3
Layer4
0.9128592714934564
| # of train set : 153431
| # of val set   : 23831
| # of test set  : 55703
Layer1
Layer2
Layer3
Layer4
0.9132362709369334
| # of train set : 153431
| # of val set   : 23831
| # of test set  : 55703
Layer1
Layer2
Layer3
Layer4
0.9196452614760425
[0.9128592714934564, 0.9132362709369334, 0.9196452614760425]
{'Dataset': 'Reddit', 'Model Name': 'GCN', 'No partition Test Acc': '0.950842863041488', 'Test Acc': '0.91525', 'Avg num intra nodes': 1873.0, 'Avg num inter nodes': 55341.0, 'Avg num intra and inter nodes': 57214.0, 'Execution time': 12552.863412618637}
