| # of train set : 153431
| # of val set   : 23831
| # of test set  : 55703
Layer1
Layer2
Layer3
Layer4
0.9461070319372386
| # of train set : 153431
| # of val set   : 23831
| # of test set  : 55703
Layer1
Layer2
Layer3
Layer4
0.9451376047968691
| # of train set : 153431
| # of val set   : 23831
| # of test set  : 55703
Layer1
Layer2
Layer3
Layer4
0.946322460190654
[0.9461070319372386, 0.9451376047968691, 0.946322460190654]
{'Dataset': 'Reddit', 'Model Name': 'GCN', 'No partition Test Acc': '0.950842863041488', 'Test Acc': '0.94586', 'Avg num intra nodes': 29120.0, 'Avg num inter nodes': 73762.0, 'Avg num intra and inter nodes': 102882.0, 'Execution time': 2620.9565238952637}
