| # of train set : 153431
| # of val set   : 23831
| # of test set  : 55703
Layer1
Layer2
Layer3
Layer4
0.9298960558677271
| # of train set : 153431
| # of val set   : 23831
| # of test set  : 55703
Layer1
Layer2
Layer3
Layer4
0.9295011040697988
| # of train set : 153431
| # of val set   : 23831
| # of test set  : 55703
Layer1
Layer2
Layer3
Layer4
0.9315476724772453
[0.9298960558677271, 0.9295011040697988, 0.9315476724772453]
{'Dataset': 'Reddit', 'Model Name': 'GCN', 'No partition Test Acc': '0.950842863041488', 'Test Acc': '0.93031', 'Avg num intra nodes': 1873.0, 'Avg num inter nodes': 55341.0, 'Avg num intra and inter nodes': 57214.0, 'Execution time': 12503.414487838745}
