| # of train set : 153431
| # of val set   : 23831
| # of test set  : 55703
Layer1
Layer2
Layer3
Layer4
0.9462686031273001
| # of train set : 153431
| # of val set   : 23831
| # of test set  : 55703
Layer1
Layer2
Layer3
Layer4
0.9453889377591871
| # of train set : 153431
| # of val set   : 23831
| # of test set  : 55703
Layer1
Layer2
Layer3
Layer4
0.9459634131016282
[0.9462686031273001, 0.9453889377591871, 0.9459634131016282]
{'Dataset': 'Reddit', 'Model Name': 'GCN', 'No partition Test Acc': '0.950842863041488', 'Test Acc': '0.94587', 'Avg num intra nodes': 29120.0, 'Avg num inter nodes': 73762.0, 'Avg num intra and inter nodes': 102882.0, 'Execution time': 3156.6966626644135}
