| # of train set : 153431
| # of val set   : 23831
| # of test set  : 55703
Layer1
Layer2
Layer3
Layer4
0.9369513311670825
| # of train set : 153431
| # of val set   : 23831
| # of test set  : 55703
Layer1
Layer2
Layer3
Layer4
0.9362152846345798
| # of train set : 153431
| # of val set   : 23831
| # of test set  : 55703
Layer1
Layer2
Layer3
Layer4
0.9380823294975136
[0.9369513311670825, 0.9362152846345798, 0.9380823294975136]
{'Dataset': 'Reddit', 'Model Name': 'GCN', 'No partition Test Acc': '0.950842863041488', 'Test Acc': '0.93708', 'Avg num intra nodes': 29120.0, 'Avg num inter nodes': 73762.0, 'Avg num intra and inter nodes': 102882.0, 'Execution time': 1539.973518371582}
