| # of train set : 153431
| # of val set   : 23831
| # of test set  : 55703
Layer1
Layer2
Layer3
Layer4
0.9370769976482416
| # of train set : 153431
| # of val set   : 23831
| # of test set  : 55703
Layer1
Layer2
Layer3
Layer4
0.935784428127749
| # of train set : 153431
| # of val set   : 23831
| # of test set  : 55703
Layer1
Layer2
Layer3
Layer4
0.9375796635728776
[0.9370769976482416, 0.935784428127749, 0.9375796635728776]
{'Dataset': 'Reddit', 'Model Name': 'GCN', 'No partition Test Acc': '0.950842863041488', 'Test Acc': '0.93681', 'Avg num intra nodes': 1873.0, 'Avg num inter nodes': 55341.0, 'Avg num intra and inter nodes': 57214.0, 'Execution time': 11255.564647436142}
