| # of train set : 153431
| # of val set   : 23831
| # of test set  : 55703
Layer1
Layer2
Layer3
Layer4
0.9362152846345798
| # of train set : 153431
| # of val set   : 23831
| # of test set  : 55703
Layer1
Layer2
Layer3
Layer4
0.9423549898569198
| # of train set : 153431
| # of val set   : 23831
| # of test set  : 55703
Layer1
Layer2
Layer3
Layer4
0.9392312801823959
[0.9362152846345798, 0.9423549898569198, 0.9392312801823959]
{'Dataset': 'Reddit', 'Model Name': 'GCN', 'No partition Test Acc': '0.950842863041488', 'Test Acc': '0.93927', 'Avg num intra nodes': 1873.0, 'Avg num inter nodes': 38739.0, 'Avg num intra and inter nodes': 40612.0, 'Execution time': 1527.6527354717255}
