| # of train set : 153431
| # of val set   : 23831
| # of test set  : 55703
Layer1
Layer2
Layer3
Layer4
0.7721307649498231
| # of train set : 153431
| # of val set   : 23831
| # of test set  : 55703
Layer1
Layer2
Layer3
Layer4
0.7476437534782687
| # of train set : 153431
| # of val set   : 23831
| # of test set  : 55703
Layer1
Layer2
Layer3
Layer4
0.7670322962856578
[0.7721307649498231, 0.7476437534782687, 0.7670322962856578]
{'Dataset': 'Reddit', 'Model Name': 'GCN', 'No partition Test Acc': '0.950842863041488', 'Test Acc': '0.76227', 'Avg num intra nodes': 1873.0, 'Avg num inter nodes': 554.0, 'Avg num intra and inter nodes': 2427.0, 'Execution time': 1489.7734715938568}
